gstespeak.c: In function ‘gst_espeak_class_init’:
gstespeak.c:121:21: warning: ‘g_value_array_get_type’ is deprecated: Use 'GArray' instead [-Wdeprecated-declarations]
                     "List of voices", G_TYPE_VALUE_ARRAY,
                     ^
In file included from /home/pi/jhbuild/include/glib-2.0/glib-object.h:35:0,
                 from /home/pi/jhbuild/include/gstreamer-1.0/gst/gstenumtypes.h:7,
                 from /home/pi/jhbuild/include/gstreamer-1.0/gst/gst.h:31,
                 from gstespeak.c:35:
/home/pi/jhbuild/include/glib-2.0/gobject/gvaluearray.h:60:7: note: declared here
 GType           g_value_array_get_type       (void) G_GNUC_CONST;
       ^
gstespeak.c: In function ‘gst_espeak_finalize’:
gstespeak.c:175:5: warning: ‘g_value_array_free’ is deprecated: Use 'GArray' instead [-Wdeprecated-declarations]
     g_value_array_free (self->voices);
     ^
In file included from /home/pi/jhbuild/include/glib-2.0/glib-object.h:35:0,
                 from /home/pi/jhbuild/include/gstreamer-1.0/gst/gstenumtypes.h:7,
                 from /home/pi/jhbuild/include/gstreamer-1.0/gst/gst.h:31,
                 from gstespeak.c:35:
/home/pi/jhbuild/include/glib-2.0/gobject/gvaluearray.h:70:6: note: declared here
 void  g_value_array_free      (GValueArray *value_array);
      ^
